Merci pour les services.
Process:         Cub3D [63865]
Path:            /Volumes/VOLUME/*/Cub3D
Load Address:    0x107a47000
Identifier:      Cub3D
Version:         ???
Code Type:       X86-64
Parent Process:  zsh [28553]

Date/Time:       2021-03-03 12:12:06.590 +0100
Launch Time:     2021-03-03 12:12:02.510 +0100
OS Version:      Mac OS X 10.14.6 (18G103)
Report Version:  7
Analysis Tool:   /Applications/Xcode.app/Contents/Developer/usr/bin/leaks
Analysis Tool Version:  Xcode 10.2.1 (10E1001)
----

leaks Report Version: 4.0
Process 63865: 19963 nodes malloced for 4039 KB
Process 63865: 1 leak for 16 total leaked bytes.

    1 (16 bytes) ROOT LEAK: 0x7ff8cfe00ac0 [16]

glb 0x7ff8cfc0e8a0
glb->file 0x7ff8cfc0eed0
glb->map 0x7ff8cfc0e8d0
glb->mlibx0x7ff8cfc0e930
glb->pos 0x7ff8cfc0edc0
glb->move 0x7ff8cfc0ee60
glb->spr 0x7ff8cfc0eff0
lst et tout 0x7ff8cfe04900
lst et tout 0x7ff8cfe00450
lst et tout 0x7ff8cfe00460
lst et tout 0x7ff8cfe00bb0
lst et tout 0x7ff8cfe00490
lst et tout 0x7ff8cfe04db0
lst et tout 0x7ff8cfe04df0
lst et tout 0x7ff8cfe04e00
lst et tout 0x7ff8cfe00470
lst et tout 0x7ff8cfe04e50
lst et tout 0x7ff8cfe04e80
lst et tout 0x7ff8cfe04ea0
lst et tout 0x7ff8cfe04ed0
lst et tout 0x7ff8cfe04f00
lst et tout 0x7ff8cfe04f30
lst et tout 0x7ff8cfe04f60
lst et tout 0x7ff8cfe04f90
lst et tout 0x7ff8cfe04fc0
lst et tout 0x7ff8cfe04ff0
lst et tout 0x7ff8cfe05020
lst et tout 0x7ff8cfe05050
lst et tout 0x7ff8cfe05080
lst et tout 0x7ff8cfe050b0
lst et tout 0x7ff8cfe050e0
lst et tout 0x7ff8cfe05110
lst et tout 0x7ff8cfe05140
lst et tout 0x7ff8cfe05170
lst et tout 0x7ff8cfe051a0
lst et tout 0x7ff8cfe051d0
lst et tout 0x7ff8cfe05200
str(filepath) 0x7ff8cfe05240
str(filepath) 0x7ff8cfe05270
str(filepath) 0x7ff8cfe052a0
str(filepath) 0x7ff8cfe052d0
str(filepath) 0x7ff8cfe05300
strs(rgb) 0x7ff8cfe05330
trim[j](parse rgb) 0x7ff8cfe05380
trim[j](parse rgb) 0x7ff8cfe05390
trim[j](parse rgb) 0x7ff8cfe053a0
strs(rgb) 0x7ff8cfe05330
trim[j](parse rgb) 0x7ff8cfe05370
trim[j](parse rgb) 0x7ff8cfe05390
trim[j](parse rgb) 0x7ff8cfe053a0
glb->map->map 0x7ff8cfe05380
glb->map->map[0] 0x7ff8cfe05420
glb->map->map[1] 0x7ff8cfe05470
glb->map->map[2] 0x7ff8cfe054c0
glb->map->map[3] 0x7ff8cfe05510
glb->map->map[4] 0x7ff8cfe05560
glb->map->map[5] 0x7ff8cfe055b0
glb->map->map[6] 0x7ff8cfe05600
glb->map->map[7] 0x7ff8cfe05650
glb->map->map[8] 0x7ff8cfe056a0
glb->map->map[9] 0x7ff8cfe056f0
glb->map->map[10] 0x7ff8cfe05740
glb->map->map[11] 0x7ff8cfe05790
glb->map->map[12] 0x7ff8cfe057e0
glb->map->map[13] 0x7ff8cfe05830
glb->map->map[14] 0x7ff8cfe05880
glb->map->map[15] 0x7ff8cfe058d0
glb->map->map[16] 0x7ff8cfe05920
glb->map->map[17] 0x7ff8cfe05970
glb->map->map[18] 0x7ff8cfe059c0
spr_x 0x7ff8cfe05330
spr_y 0x7ff8cfe05a10
pointeur 0x7ff8cfd31670
